{"/Users/downing/Dropbox/cs373/github/javascript/Coverage3.js":{"path":"/Users/downing/Dropbox/cs373/github/javascript/Coverage3.js","s":{"1":1,"2":1,"3":3,"4":3,"5":3,"6":8,"7":6,"8":2,"9":8,"10":3,"11":3,"12":1,"13":1,"14":1,"15":1,"16":1,"17":1,"18":1},"b":{"1":[6,2]},"f":{"1":3,"2":1,"3":1,"4":1,"5":1},"fnMap":{"1":{"name":"cycle_length","line":10,"loc":{"start":{"line":10,"column":0},"end":{"line":10,"column":26}}},"2":{"name":"(anonymous_2)","line":24,"loc":{"start":{"line":24,"column":4},"end":{"line":24,"column":16}}},"3":{"name":"(anonymous_3)","line":28,"loc":{"start":{"line":28,"column":12},"end":{"line":28,"column":24}}},"4":{"name":"(anonymous_4)","line":32,"loc":{"start":{"line":32,"column":12},"end":{"line":32,"column":24}}},"5":{"name":"(anonymous_5)","line":36,"loc":{"start":{"line":36,"column":12},"end":{"line":36,"column":24}}}},"statementMap":{"1":{"start":{"line":8,"column":0},"end":{"line":8,"column":31}},"2":{"start":{"line":10,"column":0},"end":{"line":21,"column":14}},"3":{"start":{"line":12,"column":4},"end":{"line":12,"column":18}},"4":{"start":{"line":13,"column":4},"end":{"line":13,"column":14}},"5":{"start":{"line":14,"column":4},"end":{"line":19,"column":13}},"6":{"start":{"line":15,"column":8},"end":{"line":18,"column":29}},"7":{"start":{"line":16,"column":12},"end":{"line":16,"column":22}},"8":{"start":{"line":18,"column":12},"end":{"line":18,"column":28}},"9":{"start":{"line":19,"column":8},"end":{"line":19,"column":12}},"10":{"start":{"line":20,"column":4},"end":{"line":20,"column":18}},"11":{"start":{"line":21,"column":4},"end":{"line":21,"column":13}},"12":{"start":{"line":23,"column":0},"end":{"line":37,"column":55}},"13":{"start":{"line":27,"column":8},"end":{"line":29,"column":52}},"14":{"start":{"line":29,"column":16},"end":{"line":29,"column":49}},"15":{"start":{"line":31,"column":8},"end":{"line":33,"column":52}},"16":{"start":{"line":33,"column":16},"end":{"line":33,"column":49}},"17":{"start":{"line":35,"column":8},"end":{"line":37,"column":52}},"18":{"start":{"line":37,"column":16},"end":{"line":37,"column":49}}},"branchMap":{"1":{"line":15,"type":"if","locations":[{"start":{"line":15,"column":8},"end":{"line":15,"column":8}},{"start":{"line":15,"column":8},"end":{"line":15,"column":8}}]}}}}